<?xml version="1.0" encoding="UTF-8"?>
<testng-results ignored="0" total="1" passed="1" failed="0" skipped="0">
  <reporter-output>
  </reporter-output>
  <suite started-at="2025-05-17T12:18:06 EDT" name="Default suite" finished-at="2025-05-17T12:18:09 EDT" duration-ms="3395">
    <groups>
    </groups>
    <test started-at="2025-05-17T12:18:06 EDT" name="Default test" finished-at="2025-05-17T12:18:09 EDT" duration-ms="3395">
      <class name="practiceSeleniumCodes.practiceSeleniumCodes.TestLoginPage">
        <test-method is-config="true" signature="openBrowser()[pri:0, instance:practiceSeleniumCodes.practiceSeleniumCodes.TestLoginPage@41e1e210]" started-at="2025-05-17T12:18:06 EDT" name="openBrowser" finished-at="2025-05-17T12:18:09 EDT" duration-ms="2978" status="PASS">
          <reporter-output>
          </reporter-output>
        </test-method> <!-- openBrowser -->
        <test-method signature="logIn()[pri:0, instance:practiceSeleniumCodes.practiceSeleniumCodes.TestLoginPage@41e1e210]" started-at="2025-05-17T12:18:09 EDT" name="logIn" finished-at="2025-05-17T12:18:09 EDT" duration-ms="74" status="PASS">
          <reporter-output>
          </reporter-output>
        </test-method> <!-- logIn -->
        <test-method is-config="true" signature="driverTearDown()[pri:0, instance:practiceSeleniumCodes.practiceSeleniumCodes.TestLoginPage@41e1e210]" started-at="2025-05-17T12:18:09 EDT" name="driverTearDown" finished-at="2025-05-17T12:18:09 EDT" duration-ms="278" status="PASS">
          <reporter-output>
          </reporter-output>
        </test-method> <!-- driverTearDown -->
      </class> <!-- practiceSeleniumCodes.practiceSeleniumCodes.TestLoginPage -->
    </test> <!-- Default test -->
  </suite> <!-- Default suite -->
</testng-results>
